Arguments: 
  C:\Program Files\nodejs\node.exe C:\Users\Vincas\AppData\Roaming\npm\node_modules\yarn\bin\yarn.js add --dev cross-env

PATH: 
  C:\Program Files\Docker\Docker\Resources\bin;C:\Python27\;C:\Python27\Scripts;C:\ProgramData\Oracle\Java\javapath;C:\Windows\system32;C:\Windows;C:\Windows\System32\Wbem;C:\Windows\System32\WindowsPowerShell\v1.0\;C:\Program Files\Git\cmd;H:\Programs\texlive\2016\bin\win32;C:\Program Files\nodejs\;F:\Programs\apache-groovy-sdk-2.4.7\groovy-2.4.7\bin;F:\Programs\swipl\bin;C:\Program Files (x86)\Windows Kits\8.1\Windows Performance Toolkit\;C:\Program Files\Calibre2\;C:\apache-tomee-webprofile-7.0.2\bin;C:\Program Files (x86)\Skype\Phone\;F:\Programs\PostgreSQL\bin;F:\Programs\PostgreSQL\pgAdmin 4\bin;C:\Program Files (x86)\JetBrains\IntelliJ IDEA 2016.2.4\plugins\maven\lib\maven3\bin;C:\Program Files\MySQL\MySQL Utilities 1.6\;C:\Program Files\Geth;C:\Program Files (x86)\NVIDIA Corporation\PhysX\Common;C:\WINDOWS\system32;C:\WINDOWS;C:\WINDOWS\System32\Wbem;C:\WINDOWS\System32\WindowsPowerShell\v1.0\;C:\OpenSSL-Win32\bin;C:\Users\Vincas\AppData\Local\Microsoft\WindowsApps;C:\Users\Vincas\AppData\Roaming\npm;C:\Program Files (x86)\Microsoft VS Code\bin;F:\Programs\MongoDB\bin;C:\Users\Vincas\AppData\Local\now-cli;C:\Users\Vincas\AppData\Local\atom\bin;C:\Users\Vincas\AppData\Local\Microsoft\WindowsApps;C:\Program Files\Microsoft VS Code Insiders\bin

Yarn version: 
  0.24.5

Node version: 
  6.9.1

Platform: 
  win32 x64

npm manifest: 
  {
    "name": "signal-master",
    "description": "Simple signaling server for SimpleWebRTC",
    "version": "1.0.1",
    "dependencies": {
      "getconfig": "2.1.0",
      "node-uuid": "1.2.0",
      "socket.io": "1.3.7",
      "yetify": "0.0.1"
    },
    "main": "server.js",
    "repository": {
      "type": "git",
      "url": "git@github.com:andyet/signal-master.git"
    },
    "devDependencies": {
      "socket.io-client": "1.3.7",
      "precommit-hook": "0.3.10",
      "tape": "^2.13.1"
    },
    "license": "MIT",
    "scripts": {
      "test": "node test.js",
  	"start": "cross-env NODE_ENV=production node server.js"
    }
  }

yarn manifest: 
  No manifest

Lockfile: 
  No lockfile

Trace: 
  Error: https://registry.yarnpkg.com/getconfig: ETIMEDOUT
      at Timeout._onTimeout (C:\Users\Vincas\AppData\Roaming\npm\node_modules\yarn\node_modules\request\request.js:852:19)
      at ontimeout (timers.js:365:14)
      at tryOnTimeout (timers.js:237:5)
      at Timer.listOnTimeout (timers.js:207:5)
